/home/mamy/Desktop/Firewall_project/api/firewall_api_improved.py:110: PydanticDeprecatedSince20: Support for class-based `config` is deprecated, use ConfigDict instead. Deprecated in Pydantic V2.0 to be removed in V3.0. See Pydantic V2 Migration Guide at https://errors.pydantic.dev/2.12/migration/
  class BlockReq(BaseModel):
/home/mamy/Desktop/Firewall_project/api/firewall_api_improved.py:133: DeprecationWarning: 
        on_event is deprecated, use lifespan event handlers instead.

        Read more about it in the
        [FastAPI docs for Lifespan Events](https://fastapi.tiangolo.com/advanced/events/).
        
  @app.on_event("startup")
INFO:     Started server process [17694]
INFO:     Waiting for application startup.
INFO:dynfw_api:Base de données initialisée
iptables: No chain/target/match by that name.
INFO:iptables_manager:Creating chain DYN_BLOCK
iptables: Bad rule (does a matching rule exist in that chain?).
INFO:iptables_manager:Inserting jump from INPUT to DYN_BLOCK
INFO:dynfw_api:Démarrage de l'API DynFW réussi
INFO:     Application startup complete.
INFO:     Uvicorn running on http://0.0.0.0:8000 (Press CTRL+C to quit)
INFO:     127.0.0.1:49388 - "GET /health HTTP/1.1" 200 OK
INFO:     127.0.0.1:47802 - "GET /health HTTP/1.1" 200 OK
INFO:     Shutting down
INFO:     Waiting for application shutdown.
INFO:     Application shutdown complete.
INFO:     Finished server process [17694]
